<?xml version="1.0" encoding="UTF-8"?>
<!-- Generated by org.testng.reporters.JUnitReportReporter -->
<testsuite skipped="0" hostname="dhanushka-ThinkPad-T530" name="org.wso2.extension.siddhi.io.feed.source.TestCaseOfFeedSource" tests="6" failures="0" timestamp="10 May 2019 02:32:25 GMT" time="20.065" errors="0">
  <testcase name="sourceForPauseAndResume" time="11.016" classname="org.wso2.extension.siddhi.io.feed.source.TestCaseOfFeedSource"/>
  <testcase name="sinkForValidation2" time="0.005" classname="org.wso2.extension.siddhi.io.feed.source.TestCaseOfFeedSource"/>
  <testcase name="sourceForRss" time="4.011" classname="org.wso2.extension.siddhi.io.feed.source.TestCaseOfFeedSource"/>
  <testcase name="sourceForAtom" time="5.012" classname="org.wso2.extension.siddhi.io.feed.source.TestCaseOfFeedSource"/>
  <testcase name="sinkForValidation" time="0.016" classname="org.wso2.extension.siddhi.io.feed.source.TestCaseOfFeedSource"/>
  <testcase name="sinkForValidation3" time="0.005" classname="org.wso2.extension.siddhi.io.feed.source.TestCaseOfFeedSource"/>
</testsuite> <!-- org.wso2.extension.siddhi.io.feed.source.TestCaseOfFeedSource -->
