<?xml version="1.0" encoding="UTF-8"?>
<!-- Generated by org.testng.reporters.JUnitReportReporter -->
<testsuite skipped="1" hostname="dhanushka-ThinkPad-T530" name="org.wso2.extension.siddhi.io.feed.sink.TestCaseOfFeedSink" tests="6" failures="0" timestamp="06 May 2019 03:37:22 GMT" time="1.536" errors="0">
  <testcase name="basicSink" time="1.365" classname="org.wso2.extension.siddhi.io.feed.sink.TestCaseOfFeedSink"/>
  <testcase name="sinkForDelete" time="0.034" classname="org.wso2.extension.siddhi.io.feed.sink.TestCaseOfFeedSink"/>
  <testcase name="sinkForValidation" time="0.017" classname="org.wso2.extension.siddhi.io.feed.sink.TestCaseOfFeedSink"/>
  <testcase name="sinkForValidation2" time="0.021" classname="org.wso2.extension.siddhi.io.feed.sink.TestCaseOfFeedSink"/>
  <testcase name="sinkForUpdate" time="0.099" classname="org.wso2.extension.siddhi.io.feed.sink.TestCaseOfFeedSink"/>
  <testcase name="sinkForHTTPS" classname="org.wso2.extension.siddhi.io.feed.sink.TestCaseOfFeedSink">
    <skipped/>
  </testcase> <!-- sinkForHTTPS -->
</testsuite> <!-- org.wso2.extension.siddhi.io.feed.sink.TestCaseOfFeedSink -->
