<?xml version="1.0" encoding="UTF-8"?>
<!-- Generated by org.testng.reporters.JUnitReportReporter -->
<testsuite skipped="0" hostname="dhanushka-ThinkPad-T530" name="org.wso2.extension.siddhi.io.feed.sink.TestCaseOfFeedSink" tests="5" failures="0" timestamp="10 May 2019 02:32:25 GMT" time="2.205" errors="0">
  <testcase name="sinkForUpdate" time="0.069" classname="org.wso2.extension.siddhi.io.feed.sink.TestCaseOfFeedSink"/>
  <testcase name="basicSink" time="2.056" classname="org.wso2.extension.siddhi.io.feed.sink.TestCaseOfFeedSink"/>
  <testcase name="sinkValidationTest" time="0.016" classname="org.wso2.extension.siddhi.io.feed.sink.TestCaseOfFeedSink"/>
  <testcase name="sinkForValidation" time="0.015" classname="org.wso2.extension.siddhi.io.feed.sink.TestCaseOfFeedSink"/>
  <testcase name="sinkForDelete" time="0.049" classname="org.wso2.extension.siddhi.io.feed.sink.TestCaseOfFeedSink"/>
</testsuite> <!-- org.wso2.extension.siddhi.io.feed.sink.TestCaseOfFeedSink -->
