<?xml version="1.0" encoding="UTF-8"?>
<!-- Generated by org.testng.reporters.JUnitReportReporter -->
<testsuite skipped="0" hostname="dhanushka-ThinkPad-T530" name="org.wso2.extension.siddhi.io.feed.sink.TestCaseOfFeedSink" tests="5" failures="0" timestamp="07 May 2019 08:49:33 GMT" time="1.446" errors="0">
  <testcase name="sinkForDelete" time="0.051" classname="org.wso2.extension.siddhi.io.feed.sink.TestCaseOfFeedSink"/>
  <testcase name="basicSink" time="1.258" classname="org.wso2.extension.siddhi.io.feed.sink.TestCaseOfFeedSink"/>
  <testcase name="sinkForUpdate" time="0.102" classname="org.wso2.extension.siddhi.io.feed.sink.TestCaseOfFeedSink"/>
  <testcase name="sinkForValidation" time="0.007" classname="org.wso2.extension.siddhi.io.feed.sink.TestCaseOfFeedSink"/>
  <testcase name="sinkValidationTest" time="0.028" classname="org.wso2.extension.siddhi.io.feed.sink.TestCaseOfFeedSink"/>
</testsuite> <!-- org.wso2.extension.siddhi.io.feed.sink.TestCaseOfFeedSink -->
