<?xml version="1.0" encoding="UTF-8"?>
<!-- Generated by org.testng.reporters.JUnitReportReporter -->
<testsuite skipped="0" hostname="dhanushka-ThinkPad-T530" name="org.wso2.extension.siddhi.io.feed.source.TestCaseOfFeedSource" tests="3" failures="0" timestamp="06 May 2019 03:37:22 GMT" time="71.046" errors="0">
  <testcase name="sourceForPauseAndResume" time="61.016" classname="org.wso2.extension.siddhi.io.feed.source.TestCaseOfFeedSource"/>
  <testcase name="sourceForRss" time="5.014" classname="org.wso2.extension.siddhi.io.feed.source.TestCaseOfFeedSource"/>
  <testcase name="sourceForAtom" time="5.016" classname="org.wso2.extension.siddhi.io.feed.source.TestCaseOfFeedSource"/>
</testsuite> <!-- org.wso2.extension.siddhi.io.feed.source.TestCaseOfFeedSource -->
