<?xml version="1.0" encoding="UTF-8"?>
<!-- Generated by org.testng.reporters.JUnitReportReporter -->
<testsuite skipped="0" hostname="dhanushka-ThinkPad-T530" name="org.wso2.extension.siddhi.io.feed.source.TestCaseOfFeedSource" tests="5" failures="0" timestamp="07 May 2019 05:35:40 GMT" time="75.093" errors="0">
  <testcase name="sourceForRss" time="4.014" classname="org.wso2.extension.siddhi.io.feed.source.TestCaseOfFeedSource"/>
  <testcase name="sinkForValidation" time="0.025" classname="org.wso2.extension.siddhi.io.feed.source.TestCaseOfFeedSource"/>
  <testcase name="sinkForValidation2" time="0.005" classname="org.wso2.extension.siddhi.io.feed.source.TestCaseOfFeedSource"/>
  <testcase name="sourceForAtom" time="5.024" classname="org.wso2.extension.siddhi.io.feed.source.TestCaseOfFeedSource"/>
  <testcase name="sourceForPauseAndResume" time="66.025" classname="org.wso2.extension.siddhi.io.feed.source.TestCaseOfFeedSource"/>
</testsuite> <!-- org.wso2.extension.siddhi.io.feed.source.TestCaseOfFeedSource -->
