<?xml version="1.0" encoding="UTF-8"?>
<!-- Generated by org.testng.reporters.JUnitReportReporter -->
<testsuite skipped="0" hostname="dhanushka-ThinkPad-T530" name="org.wso2.extension.siddhi.io.feed.sink.TestCaseOfFeedSink" tests="5" failures="0" timestamp="07 May 2019 05:35:40 GMT" time="2.223" errors="0">
  <testcase name="sinkForUpdate" time="0.072" classname="org.wso2.extension.siddhi.io.feed.sink.TestCaseOfFeedSink"/>
  <testcase name="basicSink" time="2.099" classname="org.wso2.extension.siddhi.io.feed.sink.TestCaseOfFeedSink"/>
  <testcase name="sinkForValidation" time="0.005" classname="org.wso2.extension.siddhi.io.feed.sink.TestCaseOfFeedSink"/>
  <testcase name="sinkForDelete" time="0.037" classname="org.wso2.extension.siddhi.io.feed.sink.TestCaseOfFeedSink"/>
  <testcase name="sinkValidationTest" time="0.010" classname="org.wso2.extension.siddhi.io.feed.sink.TestCaseOfFeedSink"/>
</testsuite> <!-- org.wso2.extension.siddhi.io.feed.sink.TestCaseOfFeedSink -->
