<?xml version="1.0" encoding="UTF-8"?>
<!-- Generated by org.testng.reporters.JUnitReportReporter -->
<testsuite skipped="0" hostname="dhanushka-ThinkPad-T530" name="org.wso2.extension.siddhi.io.feed.source.TestCaseOfFeedSource" tests="5" failures="0" timestamp="07 May 2019 08:49:33 GMT" time="20.075" errors="0">
  <testcase name="sourceForPauseAndResume" time="11.021" classname="org.wso2.extension.siddhi.io.feed.source.TestCaseOfFeedSource"/>
  <testcase name="sinkForValidation" time="0.011" classname="org.wso2.extension.siddhi.io.feed.source.TestCaseOfFeedSource"/>
  <testcase name="sourceForRss" time="4.010" classname="org.wso2.extension.siddhi.io.feed.source.TestCaseOfFeedSource"/>
  <testcase name="sourceForAtom" time="5.026" classname="org.wso2.extension.siddhi.io.feed.source.TestCaseOfFeedSource"/>
  <testcase name="sinkForValidation2" time="0.007" classname="org.wso2.extension.siddhi.io.feed.source.TestCaseOfFeedSource"/>
</testsuite> <!-- org.wso2.extension.siddhi.io.feed.source.TestCaseOfFeedSource -->
